<?xml version="1.0" encoding="UTF-8"?>
<!-- Generated by org.testng.reporters.JUnitReportReporter -->
<testsuite hostname="DESKTOP-TTPOTVS" name="testBaidu.Tbaidu" tests="1" failures="0" timestamp="20 Mar 2019 01:12:48 GMT" time="5.577" errors="0">
  <testcase name="openchrome" time="5.577" classname="testBaidu.Tbaidu"/>
</testsuite> <!-- testBaidu.Tbaidu -->
