<?xml version="1.0" encoding="UTF-8"?>
<!-- Generated by org.testng.reporters.JUnitReportReporter -->
<testsuite hostname="DESKTOP-TTPOTVS" name="testBaidu.Tbaidu" tests="1" failures="0" timestamp="14 Mar 2019 01:12:24 GMT" time="4.975" errors="0">
  <testcase name="openchrome" time="4.975" classname="testBaidu.Tbaidu"/>
</testsuite> <!-- testBaidu.Tbaidu -->
